<?xml version="1.0" encoding="UTF-8"?>
<!-- Generated by org.testng.reporters.JUnitReportReporter -->
<testsuite skipped="0" hostname="LT-5CG5518WGX" name="smoketests.ATagsTest" tests="1" failures="0" timestamp="11 Jan 2018 21:17:52 GMT" time="15.037" errors="0">
  <testcase name="loginElementsPresentTest" time="15.037" classname="smoketests.ATagsTest"/>
</testsuite> <!-- smoketests.ATagsTest -->
