<?xml version="1.0" encoding="UTF-8"?>
<!-- Generated by org.testng.reporters.JUnitReportReporter -->
<testsuite skipped="0" hostname="LT-5CG5518WGX" name="smoketests.LoginTestNG" tests="1" failures="0" timestamp="11 Jan 2018 17:24:08 GMT" time="12.415" errors="0">
  <testcase name="loginElementsPresentTest" time="12.415" classname="smoketests.LoginTestNG"/>
</testsuite> <!-- smoketests.LoginTestNG -->
